No-GPU mode
Inside container on  slurm-static-1-33  at  Wed Mar 18 17:15:45 UTC 2026
-------------------------------------------------------  ------------  ------------  ------------  ------------  ------------  ------------  
                                                   Name    Self CPU %      Self CPU   CPU total %     CPU total  CPU time avg    # of Calls  
-------------------------------------------------------  ------------  ------------  ------------  ------------  ------------  ------------  
                            torch_ipex::linear_backward        60.14%        6.528s        60.25%        6.539s      86.046ms            76  
                                torch_ipex::ipex_linear        31.25%        3.392s        62.53%        6.787s      44.651ms           152  
                                            aten::fill_         0.99%     107.464ms         0.99%     107.464ms     597.024us           180  
                                              aten::bmm         0.94%     101.762ms         0.94%     101.821ms       1.414ms            72  
                                            aten::copy_         0.94%     101.525ms         0.94%     101.525ms     203.049us           500  
                            torch_ipex::adam_fused_step         0.88%      95.973ms         0.88%      95.973ms     461.411us           208  
                                          ProfilerStep*         0.63%      68.037ms       100.00%       10.854s        5.427s             2  
                                              aten::mul         0.47%      51.175ms         0.49%      53.649ms     515.853us           104  
                                             aten::gelu         0.46%      50.210ms         0.46%      50.210ms       4.184ms            12  
                                       aten::bernoulli_         0.40%      43.433ms         0.40%      43.626ms       1.558ms            28  
-------------------------------------------------------  ------------  ------------  ------------  ------------  ------------  ------------  
Self CPU time total: 10.854s

Trace guardada en: results/distilbert/trace_2_cpu_batch16_gradacc.json
Epoch 1/1 | Loss: 0.6964

Entrenamiento completado en 85.00s
Throughput: 3.01 samples/s
CPU RSS: start=1.19 GiB  end=2.76 GiB  peak~=2.80 GiB
-------------------------------------------------------  ------------  ------------  ------------  ------------  ------------  ------------  
                                                   Name    Self CPU %      Self CPU   CPU total %     CPU total  CPU time avg    # of Calls  
-------------------------------------------------------  ------------  ------------  ------------  ------------  ------------  ------------  
                                          ProfilerStep*         0.63%      68.037ms       100.00%       10.854s        5.427s             2  
                                torch_ipex::ipex_linear        31.25%        3.392s        62.53%        6.787s      44.651ms           152  
autograd::engine::evaluate_function: torch::autograd...         0.04%       4.807ms        60.43%        6.558s      86.295ms            76  
torch::autograd::CppNode<torch_ipex::cpu::IPEXLinear...         0.01%     800.772us        60.28%        6.542s      86.081ms            76  
                                 IPEXLinearOp::backward         0.02%       1.923ms        60.27%        6.541s      86.071ms            76  
                            torch_ipex::linear_backward        60.14%        6.528s        60.25%        6.539s      86.046ms            76  
                                  IPEXLinearOp::forward         0.01%     749.003us        31.25%        3.392s      44.632ms            76  
                                 IPEXLinearOp::_forward         0.00%     224.934us        31.25%        3.391s      44.622ms            76  
                     aten::scaled_dot_product_attention         0.07%       7.938ms         2.27%     246.705ms      20.559ms            12  
               aten::_scaled_dot_product_attention_math         0.01%       1.109ms         2.20%     238.767ms      19.897ms            12  
-------------------------------------------------------  ------------  ------------  ------------  ------------  ------------  ------------  
Self CPU time total: 10.854s

Resumen del profiling guardado en: results/distilbert/summary_time_cpu_batch16_gradacc.csv
Evolución memoria CPU guardada en: results/distilbert/memory_cpu_cpu_batch16_gradacc.csv
