NUM_PROCESSES=1
CUDA_VISIBLE_DEVICES=0
Mon Mar  9 18:05:26 2026       
+-----------------------------------------------------------------------------------------+
| NVIDIA-SMI 570.124.06             Driver Version: 570.124.06     CUDA Version: 12.8     |
|-----------------------------------------+------------------------+----------------------+
| GPU  Name                 Persistence-M | Bus-Id          Disp.A | Volatile Uncorr. ECC |
| Fan  Temp   Perf          Pwr:Usage/Cap |           Memory-Usage | GPU-Util  Compute M. |
|                                         |                        |               MIG M. |
|=========================================+========================+======================|
|   0  Tesla T4                       Off |   00000000:00:04.0 Off |                    0 |
| N/A   69C    P8             12W /   70W |       1MiB /  15360MiB |      0%      Default |
|                                         |                        |                  N/A |
+-----------------------------------------+------------------------+----------------------+
                                                                                         
+-----------------------------------------------------------------------------------------+
| Processes:                                                                              |
|  GPU   GI   CI              PID   Type   Process name                        GPU Memory |
|        ID   ID                                                               Usage      |
|=========================================================================================|
|  No running processes found                                                             |
+-----------------------------------------------------------------------------------------+
Inside container on  slurm-static-1-43  at  Mon Mar 9 18:05:27 UTC 2026
Epoch 1/1 | Loss: 0.7020
-------------------------------------------------------  ------------  ------------  ------------  ------------  ------------  ------------  ------------  ------------  ------------  ------------  
                                                   Name    Self CPU %      Self CPU   CPU total %     CPU total  CPU time avg     Self CUDA   Self CUDA %    CUDA total  CUDA time avg    # of Calls  
-------------------------------------------------------  ------------  ------------  ------------  ------------  ------------  ------------  ------------  ------------  ------------  ------------  
                                  volta_sgemm_128x64_tn         0.00%       0.000us         0.00%       0.000us       0.000us     257.929ms        17.89%     257.929ms       1.075ms           240  
                                  volta_sgemm_128x64_nn         0.00%       0.000us         0.00%       0.000us       0.000us     245.802ms        17.05%     245.802ms       1.024ms           240  
                                  volta_sgemm_128x64_nt         0.00%       0.000us         0.00%       0.000us       0.000us     242.127ms        16.80%     242.127ms     976.318us           248  
                                 volta_sgemm_128x128_tn         0.00%       0.000us         0.00%       0.000us       0.000us     122.950ms         8.53%     122.950ms       2.561ms            48  
                                 volta_sgemm_128x128_nt         0.00%       0.000us         0.00%       0.000us       0.000us     120.069ms         8.33%     120.069ms       2.501ms            48  
                                 volta_sgemm_128x128_nn         0.00%       0.000us         0.00%       0.000us       0.000us     119.925ms         8.32%     119.925ms       2.498ms            48  
fmha_cutlassB_f32_aligned_64x64_k64_dropout_sm75(PyT...         0.00%       0.000us         0.00%       0.000us       0.000us      47.410ms         3.29%      47.410ms     987.698us            48  
void at::native::(anonymous namespace)::multi_tensor...         0.00%       0.000us         0.00%       0.000us       0.000us      34.150ms         2.37%      34.150ms       1.067ms            32  
void at::native::(anonymous namespace)::multi_tensor...         0.00%       0.000us         0.00%       0.000us       0.000us      26.139ms         1.81%      26.139ms     816.830us            32  
void at::native::(anonymous namespace)::multi_tensor...         0.00%       0.000us         0.00%       0.000us       0.000us      26.124ms         1.81%      26.124ms     816.372us            32  
-------------------------------------------------------  ------------  ------------  ------------  ------------  ------------  ------------  ------------  ------------  ------------  ------------  
Self CPU time total: 2.693s
Self CUDA time total: 1.442s

Trace guardada en: results/distilbert/trace_8_gpu_batch32_fp32_gradacc.json

Entrenamiento completado en 5.39s
Throughput: 47.46 samples/s
CPU RSS: start=708.44 MiB end=1.09 GiB peak~=1.06 GiB
GPU Mem: start=256.50 MiB end=786.02 MiB peak~=786.02 MiB
-------------------------------------------------------  ------------  ------------  ------------  ------------  ------------  ------------  ------------  ------------  ------------  ------------  
                                                   Name    Self CPU %      Self CPU   CPU total %     CPU total  CPU time avg     Self CUDA   Self CUDA %    CUDA total  CUDA time avg    # of Calls  
-------------------------------------------------------  ------------  ------------  ------------  ------------  ------------  ------------  ------------  ------------  ------------  ------------  
                                  volta_sgemm_128x64_tn         0.00%       0.000us         0.00%       0.000us       0.000us     257.929ms        17.89%     257.929ms       1.075ms           240  
                                  volta_sgemm_128x64_nn         0.00%       0.000us         0.00%       0.000us       0.000us     245.802ms        17.05%     245.802ms       1.024ms           240  
                                  volta_sgemm_128x64_nt         0.00%       0.000us         0.00%       0.000us       0.000us     242.127ms        16.80%     242.127ms     976.318us           248  
                                 volta_sgemm_128x128_tn         0.00%       0.000us         0.00%       0.000us       0.000us     122.950ms         8.53%     122.950ms       2.561ms            48  
                                 volta_sgemm_128x128_nt         0.00%       0.000us         0.00%       0.000us       0.000us     120.069ms         8.33%     120.069ms       2.501ms            48  
                                 volta_sgemm_128x128_nn         0.00%       0.000us         0.00%       0.000us       0.000us     119.925ms         8.32%     119.925ms       2.498ms            48  
fmha_cutlassB_f32_aligned_64x64_k64_dropout_sm75(PyT...         0.00%       0.000us         0.00%       0.000us       0.000us      47.410ms         3.29%      47.410ms     987.698us            48  
void at::native::(anonymous namespace)::multi_tensor...         0.00%       0.000us         0.00%       0.000us       0.000us      34.150ms         2.37%      34.150ms       1.067ms            32  
void at::native::(anonymous namespace)::multi_tensor...         0.00%       0.000us         0.00%       0.000us       0.000us      26.139ms         1.81%      26.139ms     816.830us            32  
void at::native::(anonymous namespace)::multi_tensor...         0.00%       0.000us         0.00%       0.000us       0.000us      26.124ms         1.81%      26.124ms     816.372us            32  
-------------------------------------------------------  ------------  ------------  ------------  ------------  ------------  ------------  ------------  ------------  ------------  ------------  
Self CPU time total: 2.693s
Self CUDA time total: 1.442s

Resumen del profiling guardado en: results/distilbert/summary_time_gpu_batch32_fp32_gradacc.csv
Evolución memoria guardada en: results/distilbert/memory_gpu_batch32_fp32_gradacc.csv
