No-GPU mode
Inside container on  slurm-static-1-35  at  Mon Mar 9 15:47:27 UTC 2026
Epoch 1/1 | Loss: 0.6949
-------------------------------------------------------  ------------  ------------  ------------  ------------  ------------  ------------  
                                                   Name    Self CPU %      Self CPU   CPU total %     CPU total  CPU time avg    # of Calls  
-------------------------------------------------------  ------------  ------------  ------------  ------------  ------------  ------------  
                                               aten::mm        61.63%       51.737s        61.63%       51.738s      85.095ms           608  
                                            aten::addmm        31.07%       26.084s        31.20%       26.196s      86.172ms           304  
                                            aten::copy_         1.32%        1.106s         1.32%        1.106s     167.771us          6592  
                                              aten::bmm         0.69%     579.011ms         0.69%     579.275ms       2.011ms           288  
                                             aten::sqrt         0.65%     545.173ms         0.65%     545.173ms     655.256us           832  
                                         aten::addcdiv_         0.59%     497.919ms         0.59%     497.919ms     598.460us           832  
                                              aten::mul         0.38%     318.194ms         0.38%     322.358ms     774.900us           416  
                                              aten::div         0.31%     256.486ms         0.32%     266.726ms     320.584us           832  
                                    aten::gelu_backward         0.27%     226.436ms         0.27%     226.436ms       4.717ms            48  
                                            aten::lerp_         0.25%     212.468ms         0.25%     212.468ms     255.370us           832  
-------------------------------------------------------  ------------  ------------  ------------  ------------  ------------  ------------  
Self CPU time total: 83.955s

Trace guardada en: results/distilbert/trace_8_cpu_batch32_gradacc.json

Entrenamiento completado en 99.88s
Throughput: 2.56 samples/s
CPU RSS: start=593.90 MiB  end=6.14 GiB  peak~=6.04 GiB
-------------------------------------------------------  ------------  ------------  ------------  ------------  ------------  ------------  
                                                   Name    Self CPU %      Self CPU   CPU total %     CPU total  CPU time avg    # of Calls  
-------------------------------------------------------  ------------  ------------  ------------  ------------  ------------  ------------  
                                           aten::linear         0.03%      22.548ms        62.75%       52.678s      86.641ms           608  
    autograd::engine::evaluate_function: AddmmBackward0         0.02%      16.214ms        61.92%       51.982s     170.994ms           304  
                                         AddmmBackward0         0.03%      24.861ms        61.69%       51.788s     170.355ms           304  
                                               aten::mm        61.63%       51.737s        61.63%       51.738s      85.095ms           608  
                                            aten::addmm        31.07%       26.084s        31.20%       26.196s      86.172ms           304  
                               Optimizer.step#Adam.step         0.11%      95.463ms         2.51%        2.111s     263.904ms             8  
                     aten::scaled_dot_product_attention         0.01%       7.124ms         1.33%        1.120s      23.324ms            48  
               aten::_scaled_dot_product_attention_math         0.01%       4.495ms         1.33%        1.112s      23.175ms            48  
                                            aten::copy_         1.32%        1.106s         1.32%        1.106s     167.771us          6592  
                                               aten::to         0.02%      14.661ms         0.95%     793.869ms     131.261us          6048  
-------------------------------------------------------  ------------  ------------  ------------  ------------  ------------  ------------  
Self CPU time total: 83.955s

Resumen del profiling guardado en: results/distilbert/summary_time_cpu_batch32_gradacc.csv
Evolución memoria CPU guardada en: results/distilbert/memory_cpu_cpu_batch32_gradacc.csv
