NUM_PROCESSES=1
CUDA_VISIBLE_DEVICES=0
Mon Mar  9 16:27:26 2026       
+-----------------------------------------------------------------------------------------+
| NVIDIA-SMI 570.124.06             Driver Version: 570.124.06     CUDA Version: 12.8     |
|-----------------------------------------+------------------------+----------------------+
| GPU  Name                 Persistence-M | Bus-Id          Disp.A | Volatile Uncorr. ECC |
| Fan  Temp   Perf          Pwr:Usage/Cap |           Memory-Usage | GPU-Util  Compute M. |
|                                         |                        |               MIG M. |
|=========================================+========================+======================|
|   0  Tesla T4                       Off |   00000000:00:04.0 Off |                    0 |
| N/A   73C    P8             15W /   70W |       1MiB /  15360MiB |      0%      Default |
|                                         |                        |                  N/A |
+-----------------------------------------+------------------------+----------------------+
                                                                                         
+-----------------------------------------------------------------------------------------+
| Processes:                                                                              |
|  GPU   GI   CI              PID   Type   Process name                        GPU Memory |
|        ID   ID                                                               Usage      |
|=========================================================================================|
|  No running processes found                                                             |
+-----------------------------------------------------------------------------------------+
Inside container on  slurm-static-1-42  at  Mon Mar 9 16:27:27 UTC 2026
Epoch 1/1 | Loss: 0.7050
-------------------------------------------------------  ------------  ------------  ------------  ------------  ------------  ------------  ------------  ------------  ------------  ------------  
                                                   Name    Self CPU %      Self CPU   CPU total %     CPU total  CPU time avg     Self CUDA   Self CUDA %    CUDA total  CUDA time avg    # of Calls  
-------------------------------------------------------  ------------  ------------  ------------  ------------  ------------  ------------  ------------  ------------  ------------  ------------  
void at::native::(anonymous namespace)::multi_tensor...         0.00%       0.000us         0.00%       0.000us       0.000us      68.660ms         9.49%      68.660ms       1.073ms            64  
turing_fp16_s1688gemm_fp16_128x256_ldg8_f2f_stages_3...         0.00%       0.000us         0.00%       0.000us       0.000us      62.920ms         8.70%      62.920ms     109.236us           576  
void at::native::(anonymous namespace)::multi_tensor...         0.00%       0.000us         0.00%       0.000us       0.000us      52.660ms         7.28%      52.660ms     822.820us            64  
void at::native::(anonymous namespace)::multi_tensor...         0.00%       0.000us         0.00%       0.000us       0.000us      52.568ms         7.27%      52.568ms     821.379us            64  
void at::native::(anonymous namespace)::multi_tensor...         0.00%       0.000us         0.00%       0.000us       0.000us      37.086ms         5.13%      37.086ms     579.466us            64  
void at::native::(anonymous namespace)::multi_tensor...         0.00%       0.000us         0.00%       0.000us       0.000us      37.041ms         5.12%      37.041ms     578.770us            64  
void at::native::(anonymous namespace)::multi_tensor...         0.00%       0.000us         0.00%       0.000us       0.000us      36.864ms         5.10%      36.864ms     575.994us            64  
void at::native::(anonymous namespace)::multi_tensor...         0.00%       0.000us         0.00%       0.000us       0.000us      36.758ms         5.08%      36.758ms     574.347us            64  
void at::native::(anonymous namespace)::multi_tensor...         0.00%       0.000us         0.00%       0.000us       0.000us      36.526ms         5.05%      36.526ms     570.725us            64  
    turing_fp16_s1688gemm_fp16_128x128_ldg8_relu_f2f_tn         0.00%       0.000us         0.00%       0.000us       0.000us      35.765ms         4.94%      35.765ms     186.277us           192  
-------------------------------------------------------  ------------  ------------  ------------  ------------  ------------  ------------  ------------  ------------  ------------  ------------  
Self CPU time total: 2.180s
Self CUDA time total: 723.382ms

Trace guardada en: results/distilbert/trace_16_gpu_batch16_fp16_gradacc.json

Entrenamiento completado en 12.51s
Throughput: 20.46 samples/s
CPU RSS: start=706.90 MiB end=1.26 GiB peak~=1.17 GiB
GPU Mem: start=256.50 MiB end=787.13 MiB peak~=787.13 MiB
-------------------------------------------------------  ------------  ------------  ------------  ------------  ------------  ------------  ------------  ------------  ------------  ------------  
                                                   Name    Self CPU %      Self CPU   CPU total %     CPU total  CPU time avg     Self CUDA   Self CUDA %    CUDA total  CUDA time avg    # of Calls  
-------------------------------------------------------  ------------  ------------  ------------  ------------  ------------  ------------  ------------  ------------  ------------  ------------  
void at::native::(anonymous namespace)::multi_tensor...         0.00%       0.000us         0.00%       0.000us       0.000us      68.660ms         9.49%      68.660ms       1.073ms            64  
turing_fp16_s1688gemm_fp16_128x256_ldg8_f2f_stages_3...         0.00%       0.000us         0.00%       0.000us       0.000us      62.920ms         8.70%      62.920ms     109.236us           576  
void at::native::(anonymous namespace)::multi_tensor...         0.00%       0.000us         0.00%       0.000us       0.000us      52.660ms         7.28%      52.660ms     822.820us            64  
void at::native::(anonymous namespace)::multi_tensor...         0.00%       0.000us         0.00%       0.000us       0.000us      52.568ms         7.27%      52.568ms     821.379us            64  
void at::native::(anonymous namespace)::multi_tensor...         0.00%       0.000us         0.00%       0.000us       0.000us      37.086ms         5.13%      37.086ms     579.466us            64  
void at::native::(anonymous namespace)::multi_tensor...         0.00%       0.000us         0.00%       0.000us       0.000us      37.041ms         5.12%      37.041ms     578.770us            64  
void at::native::(anonymous namespace)::multi_tensor...         0.00%       0.000us         0.00%       0.000us       0.000us      36.864ms         5.10%      36.864ms     575.994us            64  
void at::native::(anonymous namespace)::multi_tensor...         0.00%       0.000us         0.00%       0.000us       0.000us      36.758ms         5.08%      36.758ms     574.347us            64  
void at::native::(anonymous namespace)::multi_tensor...         0.00%       0.000us         0.00%       0.000us       0.000us      36.526ms         5.05%      36.526ms     570.725us            64  
    turing_fp16_s1688gemm_fp16_128x128_ldg8_relu_f2f_tn         0.00%       0.000us         0.00%       0.000us       0.000us      35.765ms         4.94%      35.765ms     186.277us           192  
-------------------------------------------------------  ------------  ------------  ------------  ------------  ------------  ------------  ------------  ------------  ------------  ------------  
Self CPU time total: 2.180s
Self CUDA time total: 723.382ms

Resumen del profiling guardado en: results/distilbert/summary_time_gpu_batch16_fp16_gradacc.csv
Evolución memoria guardada en: results/distilbert/memory_gpu_batch16_fp16_gradacc.csv
