NUM_PROCESSES=1
CUDA_VISIBLE_DEVICES=0
Mon Mar  9 17:13:56 2026       
+-----------------------------------------------------------------------------------------+
| NVIDIA-SMI 570.124.06             Driver Version: 570.124.06     CUDA Version: 12.8     |
|-----------------------------------------+------------------------+----------------------+
| GPU  Name                 Persistence-M | Bus-Id          Disp.A | Volatile Uncorr. ECC |
| Fan  Temp   Perf          Pwr:Usage/Cap |           Memory-Usage | GPU-Util  Compute M. |
|                                         |                        |               MIG M. |
|=========================================+========================+======================|
|   0  Tesla T4                       Off |   00000000:00:04.0 Off |                    0 |
| N/A   65C    P8             12W /   70W |       1MiB /  15360MiB |      0%      Default |
|                                         |                        |                  N/A |
+-----------------------------------------+------------------------+----------------------+
                                                                                         
+-----------------------------------------------------------------------------------------+
| Processes:                                                                              |
|  GPU   GI   CI              PID   Type   Process name                        GPU Memory |
|        ID   ID                                                               Usage      |
|=========================================================================================|
|  No running processes found                                                             |
+-----------------------------------------------------------------------------------------+
Inside container on  slurm-static-1-42  at  Mon Mar 9 17:13:57 UTC 2026
Epoch 1/1 | Loss: 0.7097
-------------------------------------------------------  ------------  ------------  ------------  ------------  ------------  ------------  ------------  ------------  ------------  ------------  
                                                   Name    Self CPU %      Self CPU   CPU total %     CPU total  CPU time avg     Self CUDA   Self CUDA %    CUDA total  CUDA time avg    # of Calls  
-------------------------------------------------------  ------------  ------------  ------------  ------------  ------------  ------------  ------------  ------------  ------------  ------------  
                                  volta_sgemm_128x64_nn         0.00%       0.000us         0.00%       0.000us       0.000us     370.630ms        22.91%     370.630ms     643.456us           576  
                                  volta_sgemm_128x64_nt         0.00%       0.000us         0.00%       0.000us       0.000us     360.267ms        22.27%     360.267ms     625.464us           576  
                                 volta_sgemm_128x128_tn         0.00%       0.000us         0.00%       0.000us       0.000us     237.025ms        14.65%     237.025ms       1.235ms           192  
                                  volta_sgemm_128x64_tn         0.00%       0.000us         0.00%       0.000us       0.000us     142.487ms         8.81%     142.487ms     371.059us           384  
void at::native::(anonymous namespace)::multi_tensor...         0.00%       0.000us         0.00%       0.000us       0.000us      68.213ms         4.22%      68.213ms       1.066ms            64  
void at::native::(anonymous namespace)::multi_tensor...         0.00%       0.000us         0.00%       0.000us       0.000us      52.206ms         3.23%      52.206ms     815.723us            64  
void at::native::(anonymous namespace)::multi_tensor...         0.00%       0.000us         0.00%       0.000us       0.000us      52.157ms         3.22%      52.157ms     814.947us            64  
fmha_cutlassB_f32_aligned_64x64_k64_dropout_sm75(PyT...         0.00%       0.000us         0.00%       0.000us       0.000us      45.572ms         2.82%      45.572ms     474.712us            96  
void at::native::(anonymous namespace)::multi_tensor...         0.00%       0.000us         0.00%       0.000us       0.000us      37.116ms         2.29%      37.116ms     579.932us            64  
void at::native::(anonymous namespace)::multi_tensor...         0.00%       0.000us         0.00%       0.000us       0.000us      36.807ms         2.28%      36.807ms     575.105us            64  
-------------------------------------------------------  ------------  ------------  ------------  ------------  ------------  ------------  ------------  ------------  ------------  ------------  
Self CPU time total: 2.941s
Self CUDA time total: 1.618s

Trace guardada en: results/distilbert/trace_16_gpu_batch16_fp32_gradacc.json

Entrenamiento completado en 8.37s
Throughput: 30.60 samples/s
CPU RSS: start=704.04 MiB end=1.14 GiB peak~=1.07 GiB
GPU Mem: start=256.50 MiB end=790.25 MiB peak~=790.25 MiB
-------------------------------------------------------  ------------  ------------  ------------  ------------  ------------  ------------  ------------  ------------  ------------  ------------  
                                                   Name    Self CPU %      Self CPU   CPU total %     CPU total  CPU time avg     Self CUDA   Self CUDA %    CUDA total  CUDA time avg    # of Calls  
-------------------------------------------------------  ------------  ------------  ------------  ------------  ------------  ------------  ------------  ------------  ------------  ------------  
                                  volta_sgemm_128x64_nn         0.00%       0.000us         0.00%       0.000us       0.000us     370.630ms        22.91%     370.630ms     643.456us           576  
                                  volta_sgemm_128x64_nt         0.00%       0.000us         0.00%       0.000us       0.000us     360.267ms        22.27%     360.267ms     625.464us           576  
                                 volta_sgemm_128x128_tn         0.00%       0.000us         0.00%       0.000us       0.000us     237.025ms        14.65%     237.025ms       1.235ms           192  
                                  volta_sgemm_128x64_tn         0.00%       0.000us         0.00%       0.000us       0.000us     142.487ms         8.81%     142.487ms     371.059us           384  
void at::native::(anonymous namespace)::multi_tensor...         0.00%       0.000us         0.00%       0.000us       0.000us      68.213ms         4.22%      68.213ms       1.066ms            64  
void at::native::(anonymous namespace)::multi_tensor...         0.00%       0.000us         0.00%       0.000us       0.000us      52.206ms         3.23%      52.206ms     815.723us            64  
void at::native::(anonymous namespace)::multi_tensor...         0.00%       0.000us         0.00%       0.000us       0.000us      52.157ms         3.22%      52.157ms     814.947us            64  
fmha_cutlassB_f32_aligned_64x64_k64_dropout_sm75(PyT...         0.00%       0.000us         0.00%       0.000us       0.000us      45.572ms         2.82%      45.572ms     474.712us            96  
void at::native::(anonymous namespace)::multi_tensor...         0.00%       0.000us         0.00%       0.000us       0.000us      37.116ms         2.29%      37.116ms     579.932us            64  
void at::native::(anonymous namespace)::multi_tensor...         0.00%       0.000us         0.00%       0.000us       0.000us      36.807ms         2.28%      36.807ms     575.105us            64  
-------------------------------------------------------  ------------  ------------  ------------  ------------  ------------  ------------  ------------  ------------  ------------  ------------  
Self CPU time total: 2.941s
Self CUDA time total: 1.618s

Resumen del profiling guardado en: results/distilbert/summary_time_gpu_batch16_fp32_gradacc.csv
Evolución memoria guardada en: results/distilbert/memory_gpu_batch16_fp32_gradacc.csv
