No-GPU mode
Inside container on  slurm-static-1-36  at  Sun Mar 8 19:41:58 UTC 2026
Epoch 1/1 | Loss: 0.7192
-------------------------------------------------------  ------------  ------------  ------------  ------------  ------------  ------------  
                                                   Name    Self CPU %      Self CPU   CPU total %     CPU total  CPU time avg    # of Calls  
-------------------------------------------------------  ------------  ------------  ------------  ------------  ------------  ------------  
                                               aten::mm        57.18%       52.032s        57.19%       52.033s      85.580ms           608  
                                            aten::addmm        29.01%       26.400s        29.17%       26.538s      87.295ms           304  
                                            aten::copy_         5.12%        4.660s         5.12%        4.660s     706.889us          6592  
                                     aten::index_select         2.49%        2.267s         2.49%        2.267s     141.682ms            16  
                                             aten::sqrt         0.71%     647.133ms         0.71%     647.133ms     777.804us           832  
                                         aten::addcdiv_         0.67%     612.961ms         0.67%     612.961ms     736.733us           832  
                                              aten::bmm         0.67%     609.352ms         0.67%     609.652ms       2.117ms           288  
                                              aten::div         0.38%     344.896ms         0.39%     356.923ms     428.994us           832  
                                              aten::mul         0.37%     334.605ms         0.37%     339.152ms     815.270us           416  
                                            aten::fill_         0.28%     258.245ms         0.28%     258.245ms     531.367us           486  
-------------------------------------------------------  ------------  ------------  ------------  ------------  ------------  ------------  
Self CPU time total: 90.990s

Trace guardada en: results/distilbert/trace_8_cpu_batch32.json

Entrenamiento completado en 109.27s
Throughput: 2.34 samples/s
CPU RSS: start=593.54 MiB  end=6.07 GiB  peak~=5.95 GiB
-------------------------------------------------------  ------------  ------------  ------------  ------------  ------------  ------------  
                                                   Name    Self CPU %      Self CPU   CPU total %     CPU total  CPU time avg    # of Calls  
-------------------------------------------------------  ------------  ------------  ------------  ------------  ------------  ------------  
                                           aten::linear         0.03%      24.950ms        62.47%       56.842s      93.491ms           608  
    autograd::engine::evaluate_function: AddmmBackward0         0.02%      17.087ms        57.47%       52.288s     172.001ms           304  
                                         AddmmBackward0         0.03%      25.899ms        57.24%       52.084s     171.330ms           304  
                                               aten::mm        57.18%       52.032s        57.19%       52.033s      85.580ms           608  
                                            aten::addmm        29.01%       26.400s        29.17%       26.538s      87.295ms           304  
                                            aten::copy_         5.12%        4.660s         5.12%        4.660s     706.889us          6592  
                                               aten::to         0.02%      15.443ms         4.73%        4.304s     711.686us          6048  
                                         aten::_to_copy         0.07%      61.088ms         4.71%        4.289s     728.402us          5888  
                               Optimizer.step#Adam.step         0.12%     112.909ms         2.75%        2.507s     313.322ms             8  
                                        aten::embedding         0.01%      11.443ms         2.50%        2.278s     142.406ms            16  
-------------------------------------------------------  ------------  ------------  ------------  ------------  ------------  ------------  
Self CPU time total: 90.990s

Resumen del profiling guardado en: results/distilbert/summary_time_cpu_batch32.csv
Evolución memoria CPU guardada en: results/distilbert/memory_cpu_cpu_batch32.csv
