NUM_PROCESSES=1
CUDA_VISIBLE_DEVICES=0
Tue Mar 17 18:45:13 2026       
+-----------------------------------------------------------------------------------------+
| NVIDIA-SMI 570.124.06             Driver Version: 570.124.06     CUDA Version: 12.8     |
|-----------------------------------------+------------------------+----------------------+
| GPU  Name                 Persistence-M | Bus-Id          Disp.A | Volatile Uncorr. ECC |
| Fan  Temp   Perf          Pwr:Usage/Cap |           Memory-Usage | GPU-Util  Compute M. |
|                                         |                        |               MIG M. |
|=========================================+========================+======================|
|   0  Tesla T4                       Off |   00000000:00:04.0 Off |                    0 |
| N/A   72C    P8             15W /   70W |       1MiB /  15360MiB |      0%      Default |
|                                         |                        |                  N/A |
+-----------------------------------------+------------------------+----------------------+
                                                                                         
+-----------------------------------------------------------------------------------------+
| Processes:                                                                              |
|  GPU   GI   CI              PID   Type   Process name                        GPU Memory |
|        ID   ID                                                               Usage      |
|=========================================================================================|
|  No running processes found                                                             |
+-----------------------------------------------------------------------------------------+
Inside container on  slurm-static-1-43  at  Tue Mar 17 18:45:14 UTC 2026
-------------------------------------------------------  ------------  ------------  ------------  ------------  ------------  ------------  ------------  ------------  ------------  ------------  
                                                   Name    Self CPU %      Self CPU   CPU total %     CPU total  CPU time avg     Self CUDA   Self CUDA %    CUDA total  CUDA time avg    # of Calls  
-------------------------------------------------------  ------------  ------------  ------------  ------------  ------------  ------------  ------------  ------------  ------------  ------------  
                                  volta_sgemm_128x64_nn         0.00%       0.000us         0.00%       0.000us       0.000us      64.076ms        24.48%      64.076ms     889.944us            72  
                                  volta_sgemm_128x64_nt         0.00%       0.000us         0.00%       0.000us       0.000us      62.365ms        23.83%      62.365ms     866.187us            72  
                                 volta_sgemm_128x128_tn         0.00%       0.000us         0.00%       0.000us       0.000us      41.550ms        15.88%      41.550ms       1.731ms            24  
                                  volta_sgemm_128x64_tn         0.00%       0.000us         0.00%       0.000us       0.000us      24.993ms         9.55%      24.993ms     520.689us            48  
void at::native::(anonymous namespace)::multi_tensor...         0.00%       0.000us         0.00%       0.000us       0.000us       8.554ms         3.27%       8.554ms       1.069ms             8  
fmha_cutlassB_f32_aligned_64x64_k64_dropout_sm75(PyT...         0.00%       0.000us         0.00%       0.000us       0.000us       6.906ms         2.64%       6.906ms     575.523us            12  
void at::native::(anonymous namespace)::multi_tensor...         0.00%       0.000us         0.00%       0.000us       0.000us       6.544ms         2.50%       6.544ms     818.006us             8  
void at::native::(anonymous namespace)::multi_tensor...         0.00%       0.000us         0.00%       0.000us       0.000us       6.541ms         2.50%       6.541ms     817.666us             8  
void at::native::(anonymous namespace)::multi_tensor...         0.00%       0.000us         0.00%       0.000us       0.000us       4.621ms         1.77%       4.621ms     577.587us             8  
void at::native::(anonymous namespace)::multi_tensor...         0.00%       0.000us         0.00%       0.000us       0.000us       4.584ms         1.75%       4.584ms     573.000us             8  
-------------------------------------------------------  ------------  ------------  ------------  ------------  ------------  ------------  ------------  ------------  ------------  ------------  
Self CPU time total: 2.716s
Self CUDA time total: 261.696ms

Trace guardada en: results/distilbert/trace_2_gpu_batch16_fp32_gradacc.json
Epoch 1/1 | Loss: 0.7033

Entrenamiento completado en 5.93s
Throughput: 43.17 samples/s
CPU RSS: start=705.09 MiB end=1.08 GiB peak~=1.08 GiB
GPU Mem: start=256.50 MiB end=788.75 MiB peak~=788.75 MiB
-------------------------------------------------------  ------------  ------------  ------------  ------------  ------------  ------------  ------------  ------------  ------------  ------------  
                                                   Name    Self CPU %      Self CPU   CPU total %     CPU total  CPU time avg     Self CUDA   Self CUDA %    CUDA total  CUDA time avg    # of Calls  
-------------------------------------------------------  ------------  ------------  ------------  ------------  ------------  ------------  ------------  ------------  ------------  ------------  
                                  volta_sgemm_128x64_nn         0.00%       0.000us         0.00%       0.000us       0.000us      64.076ms        24.48%      64.076ms     889.944us            72  
                                  volta_sgemm_128x64_nt         0.00%       0.000us         0.00%       0.000us       0.000us      62.365ms        23.83%      62.365ms     866.187us            72  
                                 volta_sgemm_128x128_tn         0.00%       0.000us         0.00%       0.000us       0.000us      41.550ms        15.88%      41.550ms       1.731ms            24  
                                  volta_sgemm_128x64_tn         0.00%       0.000us         0.00%       0.000us       0.000us      24.993ms         9.55%      24.993ms     520.689us            48  
void at::native::(anonymous namespace)::multi_tensor...         0.00%       0.000us         0.00%       0.000us       0.000us       8.554ms         3.27%       8.554ms       1.069ms             8  
fmha_cutlassB_f32_aligned_64x64_k64_dropout_sm75(PyT...         0.00%       0.000us         0.00%       0.000us       0.000us       6.906ms         2.64%       6.906ms     575.523us            12  
void at::native::(anonymous namespace)::multi_tensor...         0.00%       0.000us         0.00%       0.000us       0.000us       6.544ms         2.50%       6.544ms     818.006us             8  
void at::native::(anonymous namespace)::multi_tensor...         0.00%       0.000us         0.00%       0.000us       0.000us       6.541ms         2.50%       6.541ms     817.666us             8  
void at::native::(anonymous namespace)::multi_tensor...         0.00%       0.000us         0.00%       0.000us       0.000us       4.621ms         1.77%       4.621ms     577.587us             8  
void at::native::(anonymous namespace)::multi_tensor...         0.00%       0.000us         0.00%       0.000us       0.000us       4.584ms         1.75%       4.584ms     573.000us             8  
-------------------------------------------------------  ------------  ------------  ------------  ------------  ------------  ------------  ------------  ------------  ------------  ------------  
Self CPU time total: 2.716s
Self CUDA time total: 261.696ms

Resumen del profiling guardado en: results/distilbert/summary_time_gpu_batch16_fp32_gradacc.csv
Evolución memoria guardada en: results/distilbert/memory_gpu_batch16_fp32_gradacc.csv
