NUM_PROCESSES=1
CUDA_VISIBLE_DEVICES=0
Mon Mar  9 17:54:26 2026       
+-----------------------------------------------------------------------------------------+
| NVIDIA-SMI 570.124.06             Driver Version: 570.124.06     CUDA Version: 12.8     |
|-----------------------------------------+------------------------+----------------------+
| GPU  Name                 Persistence-M | Bus-Id          Disp.A | Volatile Uncorr. ECC |
| Fan  Temp   Perf          Pwr:Usage/Cap |           Memory-Usage | GPU-Util  Compute M. |
|                                         |                        |               MIG M. |
|=========================================+========================+======================|
|   0  Tesla T4                       Off |   00000000:00:04.0 Off |                    0 |
| N/A   66C    P0             28W /   70W |       1MiB /  15360MiB |      0%      Default |
|                                         |                        |                  N/A |
+-----------------------------------------+------------------------+----------------------+
                                                                                         
+-----------------------------------------------------------------------------------------+
| Processes:                                                                              |
|  GPU   GI   CI              PID   Type   Process name                        GPU Memory |
|        ID   ID                                                               Usage      |
|=========================================================================================|
|  No running processes found                                                             |
+-----------------------------------------------------------------------------------------+
Inside container on  slurm-static-1-42  at  Mon Mar 9 17:54:27 UTC 2026
Epoch 1/1 | Loss: 0.7236
-------------------------------------------------------  ------------  ------------  ------------  ------------  ------------  ------------  ------------  ------------  ------------  ------------  
                                                   Name    Self CPU %      Self CPU   CPU total %     CPU total  CPU time avg     Self CUDA   Self CUDA %    CUDA total  CUDA time avg    # of Calls  
-------------------------------------------------------  ------------  ------------  ------------  ------------  ------------  ------------  ------------  ------------  ------------  ------------  
turing_fp16_s1688gemm_fp16_128x256_ldg8_f2f_stages_3...         0.00%       0.000us         0.00%       0.000us       0.000us      66.188ms        12.50%      66.188ms     229.819us           288  
turing_fp16_s1688gemm_fp16_256x128_ldg8_f2f_stages_3...         0.00%       0.000us         0.00%       0.000us       0.000us      46.683ms         8.81%      46.683ms     194.512us           240  
void at::native::(anonymous namespace)::multi_tensor...         0.00%       0.000us         0.00%       0.000us       0.000us      34.286ms         6.47%      34.286ms       1.071ms            32  
turing_fp16_s1688gemm_fp16_128x256_ldg8_relu_f2f_sta...         0.00%       0.000us         0.00%       0.000us       0.000us      33.258ms         6.28%      33.258ms     173.220us           192  
void at::native::(anonymous namespace)::multi_tensor...         0.00%       0.000us         0.00%       0.000us       0.000us      26.231ms         4.95%      26.231ms     819.732us            32  
void at::native::(anonymous namespace)::multi_tensor...         0.00%       0.000us         0.00%       0.000us       0.000us      26.221ms         4.95%      26.221ms     819.397us            32  
void at::native::unrolled_elementwise_kernel<at::nat...         0.00%       0.000us         0.00%       0.000us       0.000us      22.335ms         4.22%      22.335ms      27.105us           824  
    turing_fp16_s1688gemm_fp16_256x128_ldg8_relu_f2f_tn         0.00%       0.000us         0.00%       0.000us       0.000us      20.255ms         3.82%      20.255ms     421.987us            48  
void at::native::vectorized_elementwise_kernel<4, at...         0.00%       0.000us         0.00%       0.000us       0.000us      19.658ms         3.71%      19.658ms      21.745us           904  
    turing_fp16_s1688gemm_fp16_128x128_ldg8_relu_f2f_tn         0.00%       0.000us         0.00%       0.000us       0.000us      19.071ms         3.60%      19.071ms     397.306us            48  
-------------------------------------------------------  ------------  ------------  ------------  ------------  ------------  ------------  ------------  ------------  ------------  ------------  
Self CPU time total: 2.035s
Self CUDA time total: 529.662ms

Trace guardada en: results/distilbert/trace_8_gpu_batch32_fp16.json

Entrenamiento completado en 7.38s
Throughput: 34.69 samples/s
CPU RSS: start=706.52 MiB end=1.22 GiB peak~=1.18 GiB
GPU Mem: start=256.50 MiB end=1.04 GiB peak~=1.04 GiB
-------------------------------------------------------  ------------  ------------  ------------  ------------  ------------  ------------  ------------  ------------  ------------  ------------  
                                                   Name    Self CPU %      Self CPU   CPU total %     CPU total  CPU time avg     Self CUDA   Self CUDA %    CUDA total  CUDA time avg    # of Calls  
-------------------------------------------------------  ------------  ------------  ------------  ------------  ------------  ------------  ------------  ------------  ------------  ------------  
turing_fp16_s1688gemm_fp16_128x256_ldg8_f2f_stages_3...         0.00%       0.000us         0.00%       0.000us       0.000us      66.188ms        12.50%      66.188ms     229.819us           288  
turing_fp16_s1688gemm_fp16_256x128_ldg8_f2f_stages_3...         0.00%       0.000us         0.00%       0.000us       0.000us      46.683ms         8.81%      46.683ms     194.512us           240  
void at::native::(anonymous namespace)::multi_tensor...         0.00%       0.000us         0.00%       0.000us       0.000us      34.286ms         6.47%      34.286ms       1.071ms            32  
turing_fp16_s1688gemm_fp16_128x256_ldg8_relu_f2f_sta...         0.00%       0.000us         0.00%       0.000us       0.000us      33.258ms         6.28%      33.258ms     173.220us           192  
void at::native::(anonymous namespace)::multi_tensor...         0.00%       0.000us         0.00%       0.000us       0.000us      26.231ms         4.95%      26.231ms     819.732us            32  
void at::native::(anonymous namespace)::multi_tensor...         0.00%       0.000us         0.00%       0.000us       0.000us      26.221ms         4.95%      26.221ms     819.397us            32  
void at::native::unrolled_elementwise_kernel<at::nat...         0.00%       0.000us         0.00%       0.000us       0.000us      22.335ms         4.22%      22.335ms      27.105us           824  
    turing_fp16_s1688gemm_fp16_256x128_ldg8_relu_f2f_tn         0.00%       0.000us         0.00%       0.000us       0.000us      20.255ms         3.82%      20.255ms     421.987us            48  
void at::native::vectorized_elementwise_kernel<4, at...         0.00%       0.000us         0.00%       0.000us       0.000us      19.658ms         3.71%      19.658ms      21.745us           904  
    turing_fp16_s1688gemm_fp16_128x128_ldg8_relu_f2f_tn         0.00%       0.000us         0.00%       0.000us       0.000us      19.071ms         3.60%      19.071ms     397.306us            48  
-------------------------------------------------------  ------------  ------------  ------------  ------------  ------------  ------------  ------------  ------------  ------------  ------------  
Self CPU time total: 2.035s
Self CUDA time total: 529.662ms

Resumen del profiling guardado en: results/distilbert/summary_time_gpu_batch32_fp16.csv
Evolución memoria guardada en: results/distilbert/memory_gpu_batch32_fp16.csv
