NUM_PROCESSES=1
CUDA_VISIBLE_DEVICES=0
Mon Mar  9 18:19:57 2026       
+-----------------------------------------------------------------------------------------+
| NVIDIA-SMI 570.124.06             Driver Version: 570.124.06     CUDA Version: 12.8     |
|-----------------------------------------+------------------------+----------------------+
| GPU  Name                 Persistence-M | Bus-Id          Disp.A | Volatile Uncorr. ECC |
| Fan  Temp   Perf          Pwr:Usage/Cap |           Memory-Usage | GPU-Util  Compute M. |
|                                         |                        |               MIG M. |
|=========================================+========================+======================|
|   0  Tesla T4                       Off |   00000000:00:04.0 Off |                    0 |
| N/A   72C    P0             30W /   70W |       1MiB /  15360MiB |      0%      Default |
|                                         |                        |                  N/A |
+-----------------------------------------+------------------------+----------------------+
                                                                                         
+-----------------------------------------------------------------------------------------+
| Processes:                                                                              |
|  GPU   GI   CI              PID   Type   Process name                        GPU Memory |
|        ID   ID                                                               Usage      |
|=========================================================================================|
|  No running processes found                                                             |
+-----------------------------------------------------------------------------------------+
Inside container on  slurm-static-1-42  at  Mon Mar 9 18:19:58 UTC 2026
Epoch 1/1 | Loss: 0.7047
-------------------------------------------------------  ------------  ------------  ------------  ------------  ------------  ------------  ------------  ------------  ------------  ------------  
                                                   Name    Self CPU %      Self CPU   CPU total %     CPU total  CPU time avg     Self CUDA   Self CUDA %    CUDA total  CUDA time avg    # of Calls  
-------------------------------------------------------  ------------  ------------  ------------  ------------  ------------  ------------  ------------  ------------  ------------  ------------  
                                  volta_sgemm_128x64_tn         0.00%       0.000us         0.00%       0.000us       0.000us     250.137ms        17.57%     250.137ms       1.042ms           240  
                                  volta_sgemm_128x64_nn         0.00%       0.000us         0.00%       0.000us       0.000us     244.273ms        17.16%     244.273ms       1.018ms           240  
                                  volta_sgemm_128x64_nt         0.00%       0.000us         0.00%       0.000us       0.000us     240.515ms        16.89%     240.515ms     969.820us           248  
                                 volta_sgemm_128x128_nt         0.00%       0.000us         0.00%       0.000us       0.000us     119.049ms         8.36%     119.049ms       2.480ms            48  
                                 volta_sgemm_128x128_nn         0.00%       0.000us         0.00%       0.000us       0.000us     118.947ms         8.35%     118.947ms       2.478ms            48  
                                 volta_sgemm_128x128_tn         0.00%       0.000us         0.00%       0.000us       0.000us     118.766ms         8.34%     118.766ms       2.474ms            48  
fmha_cutlassB_f32_aligned_64x64_k64_dropout_sm75(PyT...         0.00%       0.000us         0.00%       0.000us       0.000us      47.337ms         3.32%      47.337ms     986.192us            48  
void at::native::(anonymous namespace)::multi_tensor...         0.00%       0.000us         0.00%       0.000us       0.000us      34.138ms         2.40%      34.138ms       1.067ms            32  
void at::native::(anonymous namespace)::multi_tensor...         0.00%       0.000us         0.00%       0.000us       0.000us      26.123ms         1.83%      26.123ms     816.353us            32  
void at::native::(anonymous namespace)::multi_tensor...         0.00%       0.000us         0.00%       0.000us       0.000us      26.114ms         1.83%      26.114ms     816.049us            32  
-------------------------------------------------------  ------------  ------------  ------------  ------------  ------------  ------------  ------------  ------------  ------------  ------------  
Self CPU time total: 2.715s
Self CUDA time total: 1.424s

Trace guardada en: results/distilbert/trace_8_gpu_batch32_fp32.json

Entrenamiento completado en 5.36s
Throughput: 47.79 samples/s
CPU RSS: start=666.70 MiB end=1.05 GiB peak~=1.02 GiB
GPU Mem: start=256.50 MiB end=786.02 MiB peak~=786.02 MiB
-------------------------------------------------------  ------------  ------------  ------------  ------------  ------------  ------------  ------------  ------------  ------------  ------------  
                                                   Name    Self CPU %      Self CPU   CPU total %     CPU total  CPU time avg     Self CUDA   Self CUDA %    CUDA total  CUDA time avg    # of Calls  
-------------------------------------------------------  ------------  ------------  ------------  ------------  ------------  ------------  ------------  ------------  ------------  ------------  
                                  volta_sgemm_128x64_tn         0.00%       0.000us         0.00%       0.000us       0.000us     250.137ms        17.57%     250.137ms       1.042ms           240  
                                  volta_sgemm_128x64_nn         0.00%       0.000us         0.00%       0.000us       0.000us     244.273ms        17.16%     244.273ms       1.018ms           240  
                                  volta_sgemm_128x64_nt         0.00%       0.000us         0.00%       0.000us       0.000us     240.515ms        16.89%     240.515ms     969.820us           248  
                                 volta_sgemm_128x128_nt         0.00%       0.000us         0.00%       0.000us       0.000us     119.049ms         8.36%     119.049ms       2.480ms            48  
                                 volta_sgemm_128x128_nn         0.00%       0.000us         0.00%       0.000us       0.000us     118.947ms         8.35%     118.947ms       2.478ms            48  
                                 volta_sgemm_128x128_tn         0.00%       0.000us         0.00%       0.000us       0.000us     118.766ms         8.34%     118.766ms       2.474ms            48  
fmha_cutlassB_f32_aligned_64x64_k64_dropout_sm75(PyT...         0.00%       0.000us         0.00%       0.000us       0.000us      47.337ms         3.32%      47.337ms     986.192us            48  
void at::native::(anonymous namespace)::multi_tensor...         0.00%       0.000us         0.00%       0.000us       0.000us      34.138ms         2.40%      34.138ms       1.067ms            32  
void at::native::(anonymous namespace)::multi_tensor...         0.00%       0.000us         0.00%       0.000us       0.000us      26.123ms         1.83%      26.123ms     816.353us            32  
void at::native::(anonymous namespace)::multi_tensor...         0.00%       0.000us         0.00%       0.000us       0.000us      26.114ms         1.83%      26.114ms     816.049us            32  
-------------------------------------------------------  ------------  ------------  ------------  ------------  ------------  ------------  ------------  ------------  ------------  ------------  
Self CPU time total: 2.715s
Self CUDA time total: 1.424s

Resumen del profiling guardado en: results/distilbert/summary_time_gpu_batch32_fp32.csv
Evolución memoria guardada en: results/distilbert/memory_gpu_batch32_fp32.csv
