No-GPU mode
Inside container on  slurm-static-1-39  at  Tue Mar 17 18:20:14 UTC 2026
-------------------------------------------------------  ------------  ------------  ------------  ------------  ------------  ------------  
                                                   Name    Self CPU %      Self CPU   CPU total %     CPU total  CPU time avg    # of Calls  
-------------------------------------------------------  ------------  ------------  ------------  ------------  ------------  ------------  
                                               aten::mm        33.46%       13.147s        33.46%       13.147s      86.493ms           152  
                                     aten::index_select        22.33%        8.775s        22.33%        8.775s        2.194s             4  
                                            aten::copy_        20.48%        8.048s        20.48%        8.048s       4.883ms          1648  
                                            aten::addmm        18.02%        7.080s        18.15%        7.131s      93.824ms            76  
                                         aten::addcdiv_         1.04%     410.483ms         1.04%     410.483ms       1.973ms           208  
                                              aten::bmm         0.56%     218.266ms         0.56%     218.341ms       3.033ms            72  
                                             aten::sqrt         0.47%     186.133ms         0.47%     186.133ms     894.869us           208  
                                            aten::fill_         0.34%     133.083ms         0.34%     133.083ms     739.350us           180  
                                              aten::mul         0.28%     111.613ms         0.29%     112.813ms       1.085ms           104  
                                             aten::gelu         0.26%     101.796ms         0.26%     101.796ms       8.483ms            12  
-------------------------------------------------------  ------------  ------------  ------------  ------------  ------------  ------------  
Self CPU time total: 39.293s

Trace guardada en: results/distilbert/trace_2_cpu_batch32.json
Epoch 1/1 | Loss: 0.6977

Entrenamiento completado en 106.75s
Throughput: 2.40 samples/s
CPU RSS: start=594.24 MiB  end=3.70 GiB  peak~=3.70 GiB
-------------------------------------------------------  ------------  ------------  ------------  ------------  ------------  ------------  
                                                   Name    Self CPU %      Self CPU   CPU total %     CPU total  CPU time avg    # of Calls  
-------------------------------------------------------  ------------  ------------  ------------  ------------  ------------  ------------  
                                          ProfilerStep*         0.13%      50.848ms       100.00%       39.293s       19.646s             2  
                                           aten::linear         0.02%       7.861ms        56.10%       22.041s     145.009ms           152  
    autograd::engine::evaluate_function: AddmmBackward0         0.01%       4.082ms        33.62%       13.211s     173.829ms            76  
                                         AddmmBackward0         0.02%       6.836ms        33.49%       13.160s     173.158ms            76  
                                               aten::mm        33.46%       13.147s        33.46%       13.147s      86.493ms           152  
                                        aten::embedding         0.06%      23.886ms        22.39%        8.799s        2.200s             4  
                                     aten::index_select        22.33%        8.775s        22.33%        8.775s        2.194s             4  
                                            aten::copy_        20.48%        8.048s        20.48%        8.048s       4.883ms          1648  
                                               aten::to         0.01%       4.047ms        20.18%        7.928s       4.986ms          1590  
                                         aten::_to_copy         0.04%      15.768ms        20.17%        7.924s       5.383ms          1472  
-------------------------------------------------------  ------------  ------------  ------------  ------------  ------------  ------------  
Self CPU time total: 39.293s

Resumen del profiling guardado en: results/distilbert/summary_time_cpu_batch32.csv
Evolución memoria CPU guardada en: results/distilbert/memory_cpu_cpu_batch32.csv
