NUM_PROCESSES=1
CUDA_VISIBLE_DEVICES=0
Tue Mar 17 18:54:14 2026       
+-----------------------------------------------------------------------------------------+
| NVIDIA-SMI 570.124.06             Driver Version: 570.124.06     CUDA Version: 12.8     |
|-----------------------------------------+------------------------+----------------------+
| GPU  Name                 Persistence-M | Bus-Id          Disp.A | Volatile Uncorr. ECC |
| Fan  Temp   Perf          Pwr:Usage/Cap |           Memory-Usage | GPU-Util  Compute M. |
|                                         |                        |               MIG M. |
|=========================================+========================+======================|
|   0  Tesla T4                       Off |   00000000:00:04.0 Off |                    0 |
| N/A   73C    P0             31W /   70W |       1MiB /  15360MiB |      0%      Default |
|                                         |                        |                  N/A |
+-----------------------------------------+------------------------+----------------------+
                                                                                         
+-----------------------------------------------------------------------------------------+
| Processes:                                                                              |
|  GPU   GI   CI              PID   Type   Process name                        GPU Memory |
|        ID   ID                                                               Usage      |
|=========================================================================================|
|  No running processes found                                                             |
+-----------------------------------------------------------------------------------------+
Inside container on  slurm-static-1-42  at  Tue Mar 17 18:54:15 UTC 2026
-------------------------------------------------------  ------------  ------------  ------------  ------------  ------------  ------------  ------------  ------------  ------------  ------------  
                                                   Name    Self CPU %      Self CPU   CPU total %     CPU total  CPU time avg     Self CUDA   Self CUDA %    CUDA total  CUDA time avg    # of Calls  
-------------------------------------------------------  ------------  ------------  ------------  ------------  ------------  ------------  ------------  ------------  ------------  ------------  
                                  volta_sgemm_128x64_tn         0.00%       0.000us         0.00%       0.000us       0.000us      76.670ms        18.60%      76.670ms       1.278ms            60  
                                  volta_sgemm_128x64_nn         0.00%       0.000us         0.00%       0.000us       0.000us      71.436ms        17.33%      71.436ms       1.191ms            60  
                                  volta_sgemm_128x64_nt         0.00%       0.000us         0.00%       0.000us       0.000us      70.531ms        17.11%      70.531ms       1.138ms            62  
                                 volta_sgemm_128x128_tn         0.00%       0.000us         0.00%       0.000us       0.000us      36.508ms         8.86%      36.508ms       3.042ms            12  
                                 volta_sgemm_128x128_nt         0.00%       0.000us         0.00%       0.000us       0.000us      34.751ms         8.43%      34.751ms       2.896ms            12  
                                 volta_sgemm_128x128_nn         0.00%       0.000us         0.00%       0.000us       0.000us      34.686ms         8.42%      34.686ms       2.890ms            12  
fmha_cutlassB_f32_aligned_64x64_k64_dropout_sm75(PyT...         0.00%       0.000us         0.00%       0.000us       0.000us      12.944ms         3.14%      12.944ms       1.079ms            12  
void at::native::(anonymous namespace)::multi_tensor...         0.00%       0.000us         0.00%       0.000us       0.000us       8.529ms         2.07%       8.529ms       1.066ms             8  
void at::native::(anonymous namespace)::multi_tensor...         0.00%       0.000us         0.00%       0.000us       0.000us       6.531ms         1.58%       6.531ms     816.324us             8  
void at::native::(anonymous namespace)::multi_tensor...         0.00%       0.000us         0.00%       0.000us       0.000us       6.530ms         1.58%       6.530ms     816.276us             8  
-------------------------------------------------------  ------------  ------------  ------------  ------------  ------------  ------------  ------------  ------------  ------------  ------------  
Self CPU time total: 1.911s
Self CUDA time total: 412.151ms

Trace guardada en: results/distilbert/trace_2_gpu_batch32_fp32_gradacc.json
Epoch 1/1 | Loss: 0.6998

Entrenamiento completado en 4.21s
Throughput: 242.99 samples/s
CPU RSS: start=703.71 MiB end=1.07 GiB peak~=1.07 GiB
GPU Mem: start=256.50 MiB end=786.02 MiB peak~=786.02 MiB
-------------------------------------------------------  ------------  ------------  ------------  ------------  ------------  ------------  ------------  ------------  ------------  ------------  
                                                   Name    Self CPU %      Self CPU   CPU total %     CPU total  CPU time avg     Self CUDA   Self CUDA %    CUDA total  CUDA time avg    # of Calls  
-------------------------------------------------------  ------------  ------------  ------------  ------------  ------------  ------------  ------------  ------------  ------------  ------------  
                                  volta_sgemm_128x64_tn         0.00%       0.000us         0.00%       0.000us       0.000us      76.670ms        18.60%      76.670ms       1.278ms            60  
                                  volta_sgemm_128x64_nn         0.00%       0.000us         0.00%       0.000us       0.000us      71.436ms        17.33%      71.436ms       1.191ms            60  
                                  volta_sgemm_128x64_nt         0.00%       0.000us         0.00%       0.000us       0.000us      70.531ms        17.11%      70.531ms       1.138ms            62  
                                 volta_sgemm_128x128_tn         0.00%       0.000us         0.00%       0.000us       0.000us      36.508ms         8.86%      36.508ms       3.042ms            12  
                                 volta_sgemm_128x128_nt         0.00%       0.000us         0.00%       0.000us       0.000us      34.751ms         8.43%      34.751ms       2.896ms            12  
                                 volta_sgemm_128x128_nn         0.00%       0.000us         0.00%       0.000us       0.000us      34.686ms         8.42%      34.686ms       2.890ms            12  
fmha_cutlassB_f32_aligned_64x64_k64_dropout_sm75(PyT...         0.00%       0.000us         0.00%       0.000us       0.000us      12.944ms         3.14%      12.944ms       1.079ms            12  
void at::native::(anonymous namespace)::multi_tensor...         0.00%       0.000us         0.00%       0.000us       0.000us       8.529ms         2.07%       8.529ms       1.066ms             8  
void at::native::(anonymous namespace)::multi_tensor...         0.00%       0.000us         0.00%       0.000us       0.000us       6.531ms         1.58%       6.531ms     816.324us             8  
void at::native::(anonymous namespace)::multi_tensor...         0.00%       0.000us         0.00%       0.000us       0.000us       6.530ms         1.58%       6.530ms     816.276us             8  
-------------------------------------------------------  ------------  ------------  ------------  ------------  ------------  ------------  ------------  ------------  ------------  ------------  
Self CPU time total: 1.911s
Self CUDA time total: 412.151ms

Resumen del profiling guardado en: results/distilbert/summary_time_gpu_batch32_fp32_gradacc.csv
Evolución memoria guardada en: results/distilbert/memory_gpu_batch32_fp32_gradacc.csv
