Launching inference: whisper-tiny-inf_gpu_fp16.py  NUM_PROCESSES=1  DEVICE_MAP=auto
Sat Mar 28 13:38:02 2026       
+-----------------------------------------------------------------------------------------+
| NVIDIA-SMI 570.124.06             Driver Version: 570.124.06     CUDA Version: 12.8     |
|-----------------------------------------+------------------------+----------------------+
| GPU  Name                 Persistence-M | Bus-Id          Disp.A | Volatile Uncorr. ECC |
| Fan  Temp   Perf          Pwr:Usage/Cap |           Memory-Usage | GPU-Util  Compute M. |
|                                         |                        |               MIG M. |
|=========================================+========================+======================|
|   0  Tesla T4                       Off |   00000000:00:04.0 Off |                    0 |
| N/A   77C    P8             17W /   70W |       1MiB /  15360MiB |      0%      Default |
|                                         |                        |                  N/A |
+-----------------------------------------+------------------------+----------------------+
                                                                                         
+-----------------------------------------------------------------------------------------+
| Processes:                                                                              |
|  GPU   GI   CI              PID   Type   Process name                        GPU Memory |
|        ID   ID                                                               Usage      |
|=========================================================================================|
|  No running processes found                                                             |
+-----------------------------------------------------------------------------------------+
Inside container on  slurm-static-1-42  at  Sat Mar 28 13:38:03 UTC 2026
Config: inf_gpu_fp16  device=cuda  mixed_precision=fp16
Warming up GPU...

=== Inference: inf_gpu_fp16 ===
Batch 0: 16 samples, output[0]=' I'
Batch 1: 16 samples, output[0]=''
-------------------------------------------------------  ------------  ------------  ------------  ------------  ------------  ------------  ------------  ------------  ------------  ------------  
                                                   Name    Self CPU %      Self CPU   CPU total %     CPU total  CPU time avg     Self CUDA   Self CUDA %    CUDA total  CUDA time avg    # of Calls  
-------------------------------------------------------  ------------  ------------  ------------  ------------  ------------  ------------  ------------  ------------  ------------  ------------  
                                          ProfilerStep*         0.00%       0.000us         0.00%       0.000us       0.000us        1.206s       254.56%        1.206s     603.021ms             2  
                     aten::_efficient_attention_forward         0.65%       8.685ms         1.53%      20.304ms      47.000us     161.131ms        34.01%     161.131ms     372.989us           432  
fmha_cutlassF_f16_aligned_64x64_rf_sm75(PyTorchMemEf...         0.00%       0.000us         0.00%       0.000us       0.000us     161.131ms        34.01%     161.131ms     372.989us           432  
                                            aten::addmm         5.86%      77.719ms         9.72%     128.929ms      83.073us      81.024ms        17.10%      81.140ms      52.281us          1552  
                                            aten::copy_         1.71%      22.655ms        12.47%     165.350ms      69.945us      80.587ms        17.01%      80.593ms      34.092us          2364  
    turing_fp16_s1688gemm_fp16_128x128_ldg8_relu_f2f_tn         0.00%       0.000us         0.00%       0.000us       0.000us      68.434ms        14.44%      68.434ms     712.854us            96  
                                               aten::mm         1.20%      15.914ms         1.43%      18.973ms      64.975us      33.830ms         7.14%      34.821ms     119.248us           292  
                                              aten::add         1.12%      14.904ms         1.74%      23.040ms      26.301us      33.145ms         7.00%      33.145ms      37.837us           876  
void at::native::elementwise_kernel<128, 4, at::nati...         0.00%       0.000us         0.00%       0.000us       0.000us      28.530ms         6.02%      28.530ms     792.505us            36  
void at::native::elementwise_kernel<128, 2, at::nati...         0.00%       0.000us         0.00%       0.000us       0.000us      26.011ms         5.49%      26.011ms     684.503us            38  
-------------------------------------------------------  ------------  ------------  ------------  ------------  ------------  ------------  ------------  ------------  ------------  ------------  
Self CPU time total: 1.326s
Self CUDA time total: 473.778ms

Trace guardada en: /home/javierpolog/whisper_tiny/results/trace_2_inf_gpu_fp16.json
Batch 2: 16 samples, output[0]=''
Batch 3: 16 samples, output[0]=' I'
Batch 4: 16 samples, output[0]=''
Batch 5: 16 samples, output[0]='真'
Batch 6: 16 samples, output[0]=" I'm not."
Batch 7: 16 samples, output[0]='真真真真真真真真真真真真真真真真真真真真真真真真真'
Batch 8: 16 samples, output[0]=''
Batch 9: 16 samples, output[0]='誓'
Batch 10: 16 samples, output[0]='哎呀'
Batch 11: 16 samples, output[0]=' I'
Batch 12: 16 samples, output[0]=''
Batch 13: 16 samples, output[0]=' I'
Batch 14: 16 samples, output[0]=''
Batch 15: 16 samples, output[0]=" I'm not."

Done. config=inf_gpu_fp16  time=33.597s  samples=256
Throughput: 7.62 samples/s
Device: cuda
CPU RSS: start=1.50 GiB end=2.20 GiB peak~=2.20 GiB
GPU Mem: start=153.48 MiB end=168.13 MiB peak~=523.34 MiB
Resumen del profiling guardado en: /home/javierpolog/whisper_tiny/results/summary_time_inf_gpu_fp16.csv
Evolucion memoria guardada en: /home/javierpolog/whisper_tiny/results/memory_inf_gpu_fp16.csv

--- CUDA Profiling summary ---
-------------------------------------------------------  ------------  ------------  ------------  ------------  ------------  ------------  ------------  ------------  ------------  ------------  
                                                   Name    Self CPU %      Self CPU   CPU total %     CPU total  CPU time avg     Self CUDA   Self CUDA %    CUDA total  CUDA time avg    # of Calls  
-------------------------------------------------------  ------------  ------------  ------------  ------------  ------------  ------------  ------------  ------------  ------------  ------------  
                                          ProfilerStep*         0.00%       0.000us         0.00%       0.000us       0.000us        1.206s       254.56%        1.206s     603.021ms             2  
                                          ProfilerStep*        26.63%     353.198ms       100.00%        1.326s     663.168ms       0.000us         0.00%     479.749ms     239.875ms             2  
                                           aten::linear         2.29%      30.375ms        28.27%     374.899ms     122.038us       0.000us         0.00%     237.851ms      77.426us          3072  
                     aten::scaled_dot_product_attention         0.51%       6.800ms         2.94%      39.050ms      90.395us       0.000us         0.00%     161.131ms     372.989us           432  
          aten::_scaled_dot_product_efficient_attention         0.39%       5.201ms         2.43%      32.250ms      74.653us       0.000us         0.00%     161.131ms     372.989us           432  
                     aten::_efficient_attention_forward         0.65%       8.685ms         1.53%      20.304ms      47.000us     161.131ms        34.01%     161.131ms     372.989us           432  
fmha_cutlassF_f16_aligned_64x64_rf_sm75(PyTorchMemEf...         0.00%       0.000us         0.00%       0.000us       0.000us     161.131ms        34.01%     161.131ms     372.989us           432  
                                            aten::addmm         5.86%      77.719ms         9.72%     128.929ms      83.073us      81.024ms        17.10%      81.140ms      52.281us          1552  
                                            aten::copy_         1.71%      22.655ms        12.47%     165.350ms      69.945us      80.587ms        17.01%      80.593ms      34.092us          2364  
    turing_fp16_s1688gemm_fp16_128x128_ldg8_relu_f2f_tn         0.00%       0.000us         0.00%       0.000us       0.000us      68.434ms        14.44%      68.434ms     712.854us            96  
                                            aten::clone         0.10%       1.387ms         0.79%      10.522ms      40.160us       0.000us         0.00%      50.499ms     192.744us           262  
                                       aten::layer_norm         0.43%       5.696ms         3.61%      47.831ms      67.179us       0.000us         0.00%      49.569ms      69.619us           712  
                                aten::native_layer_norm         1.35%      17.941ms         3.18%      42.136ms      59.179us      23.622ms         4.99%      49.569ms      69.619us           712  
                                       aten::contiguous         0.02%     316.093us         0.49%       6.525ms      44.086us       0.000us         0.00%      49.021ms     331.223us           148  
                                           aten::conv1d         0.02%     286.515us         5.78%      76.624ms       5.473ms       0.000us         0.00%      37.421ms       2.673ms            14  
-------------------------------------------------------  ------------  ------------  ------------  ------------  ------------  ------------  ------------  ------------  ------------  ------------  
Self CPU time total: 1.326s
Self CUDA time total: 473.778ms

